<?xml version="1.0" encoding="UTF-8"?>
<testExecutions version="1">
  <file path="/home/fluna/Documentos/React/blip-desk-scheduler-ui-refact/src/constants/__tests__/constants.test.js">
  </file>
  <file path="/home/fluna/Documentos/React/blip-desk-scheduler-ui-refact/src/components/PageHeader/__tests__/pageHeader.test.js">
  </file>
  <file path="/home/fluna/Documentos/React/blip-desk-scheduler-ui-refact/src/components/Scheduler/__test__/scheduler.test.js">
  </file>
  <file path="/home/fluna/Documentos/React/blip-desk-scheduler-ui-refact/src/components/HoursList/__tests__/HourList.test.js">
  </file>
  <file path="/home/fluna/Documentos/React/blip-desk-scheduler-ui-refact/src/components/SelectTeam/__test__/selectTeam.test.js">
  </file>
  <file path="/home/fluna/Documentos/React/blip-desk-scheduler-ui-refact/src/store/actions/__tests__/actions.test.js">
  </file>
  <file path="/home/fluna/Documentos/React/blip-desk-scheduler-ui-refact/src/components/DaysOff/__tests__/DayOff.test.js">
  </file>
  <file path="/home/fluna/Documentos/React/blip-desk-scheduler-ui-refact/src/components/Paper/__test__/paper.test.js">
  </file>
  <file path="/home/fluna/Documentos/React/blip-desk-scheduler-ui-refact/src/components/EmptyResult/__tests__/EmptyResult.test.js">
  </file>
  <file path="/home/fluna/Documentos/React/blip-desk-scheduler-ui-refact/src/components/Button/__tests__/button.test.js">
  </file>
  <file path="/home/fluna/Documentos/React/blip-desk-scheduler-ui-refact/src/services/__tests__/services.test.js">
  </file>
  <file path="/home/fluna/Documentos/React/blip-desk-scheduler-ui-refact/src/components/Input/__tests__/input.test.js">
  </file>
  <file path="/home/fluna/Documentos/React/blip-desk-scheduler-ui-refact/src/pages/BuilderScheduler/__test__/builder.test.js">
  </file>
  <file path="/home/fluna/Documentos/React/blip-desk-scheduler-ui-refact/src/pages/Home/__test__/home.test.js">
  </file>
  <file path="/home/fluna/Documentos/React/blip-desk-scheduler-ui-refact/src/translate/locale/pt-br/__tests__/pt-br.test.js">
  </file>
  <file path="/home/fluna/Documentos/React/blip-desk-scheduler-ui-refact/src/pages/RouterScheduler/__test__/router.test.js">
  </file>
  <file path="/home/fluna/Documentos/React/blip-desk-scheduler-ui-refact/src/utils/__tests__/utils.test.js">
  </file>
</testExecutions>